<?xml version="1.0" encoding="UTF-8"?>
<testng-results skipped="0" failed="0" ignored="0" total="2" passed="2">
  <reporter-output>
  </reporter-output>
  <suite name="Default suite" duration-ms="59" started-at="2017-07-29T06:30:03Z" finished-at="2017-07-29T06:30:03Z">
    <groups>
    </groups>
    <test name="Default test" duration-ms="59" started-at="2017-07-29T06:30:03Z" finished-at="2017-07-29T06:30:03Z">
      <class name="com.baoying.testproject.HelloTest.AppTest1">
        <test-method status="PASS" signature="Init()[pri:0, instance:com.baoying.testproject.HelloTest.AppTest1@5442a311]" name="Init" is-config="true" duration-ms="9" started-at="2017-07-29T14:30:03Z" finished-at="2017-07-29T14:30:03Z">
          <reporter-output>
          </reporter-output>
        </test-method> <!-- Init -->
        <test-method status="PASS" signature="Test2()[pri:0, instance:com.baoying.testproject.HelloTest.AppTest1@5442a311]" name="Test2" duration-ms="6" started-at="2017-07-29T14:30:03Z" description="测试testng初始化共有类" finished-at="2017-07-29T14:30:03Z">
          <reporter-output>
          </reporter-output>
        </test-method> <!-- Test2 -->
        <test-method status="PASS" signature="end()[pri:0, instance:com.baoying.testproject.HelloTest.AppTest1@5442a311]" name="end" is-config="true" duration-ms="1" started-at="2017-07-29T14:30:03Z" finished-at="2017-07-29T14:30:03Z">
          <reporter-output>
          </reporter-output>
        </test-method> <!-- end -->
      </class> <!-- com.baoying.testproject.HelloTest.AppTest1 -->
      <class name="com.baoying.testproject.HelloTest.AppTest">
        <test-method status="PASS" signature="Init()[pri:0, instance:com.baoying.testproject.HelloTest.AppTest@548e7350]" name="Init" is-config="true" duration-ms="1" started-at="2017-07-29T14:30:03Z" finished-at="2017-07-29T14:30:03Z">
          <reporter-output>
          </reporter-output>
        </test-method> <!-- Init -->
        <test-method status="PASS" signature="Test()[pri:0, instance:com.baoying.testproject.HelloTest.AppTest@548e7350]" name="Test" duration-ms="5" started-at="2017-07-29T14:30:03Z" finished-at="2017-07-29T14:30:03Z">
          <reporter-output>
          </reporter-output>
        </test-method> <!-- Test -->
        <test-method status="PASS" signature="end()[pri:0, instance:com.baoying.testproject.HelloTest.AppTest@548e7350]" name="end" is-config="true" duration-ms="2" started-at="2017-07-29T14:30:03Z" finished-at="2017-07-29T14:30:03Z">
          <reporter-output>
          </reporter-output>
        </test-method> <!-- end -->
      </class> <!-- com.baoying.testproject.HelloTest.AppTest -->
    </test> <!-- Default test -->
  </suite> <!-- Default suite -->
</testng-results>
